{
  "stats": {
    "suites": 2,
    "tests": 2,
    "passes": 2,
    "pending": 0,
    "failures": 0,
    "start": "2026-02-03T16:43:36.510Z",
    "end": "2026-02-03T16:43:44.573Z",
    "duration": 8063,
    "testsRegistered": 2,
    "passPercent": 100,
    "pendingPercent": 0,
    "other": 0,
    "hasOther": false,
    "skipped": 0,
    "hasSkipped": false
  },
  "results": [
    {
      "uuid": "dbaf6d83-6315-4920-9628-7bbecc5a61f3",
      "title": "",
      "fullFile": "cypress\\e2e\\hw_21\\tests.cy.js",
      "file": "cypress\\e2e\\hw_21\\tests.cy.js",
      "beforeHooks": [],
      "afterHooks": [],
      "tests": [],
      "suites": [
        {
          "uuid": "6233360a-e3bb-4e97-a2ef-bb02153f8655",
          "title": "Adding a new car",
          "fullFile": "",
          "file": "",
          "beforeHooks": [],
          "afterHooks": [],
          "tests": [
            {
              "title": "Add new car",
              "fullTitle": "Adding a new car Add new car",
              "timedOut": null,
              "duration": 4642,
              "state": "passed",
              "speed": "fast",
              "pass": true,
              "fail": false,
              "pending": false,
              "context": null,
              "code": "_GaragePage.default.clickAddCarButtom();\n_GaragePage.default.selectBrandInput('BMW') //Audi, BMW, Ford, Porsche, Fiat\n.selectModelInput('Z3') //Audi: TT, R8, Q7, A6, A8\n.typeMileageInput(150).clickAddCarFinishButtom();\ncy.get(':nth-child(1) > app-car > .car > .car-heading > .car_base > .car-group > .car_name').contains('BMW Z3');",
              "err": {},
              "uuid": "9cba50c9-d20b-44d1-a321-c485a1e407d0",
              "parentUUID": "6233360a-e3bb-4e97-a2ef-bb02153f8655",
              "isHook": false,
              "skipped": false
            }
          ],
          "suites": [],
          "passes": [
            "9cba50c9-d20b-44d1-a321-c485a1e407d0"
          ],
          "failures": [],
          "pending": [],
          "skipped": [],
          "duration": 4642,
          "root": false,
          "rootEmpty": false,
          "_timeout": 2000
        },
        {
          "uuid": "0aa1a799-ac36-4beb-bb98-8848bd415d82",
          "title": "Adding fuel expenses",
          "fullFile": "",
          "file": "",
          "beforeHooks": [],
          "afterHooks": [],
          "tests": [
            {
              "title": "Adding fuel expenses on Fuel Expenses page",
              "fullTitle": "Adding fuel expenses Adding fuel expenses on Fuel Expenses page",
              "timedOut": null,
              "duration": 3298,
              "state": "passed",
              "speed": "fast",
              "pass": true,
              "fail": false,
              "pending": false,
              "context": null,
              "code": "_FuelExpensesPage.default.clickFuelExpensesSidebarBtn();\n_FuelExpensesPage.default.selectFuelExpensesDropdown('BMW Z3') //Audi TT, BMW Z3\n.clickAddFuelExpensesBtn();\n_FuelExpensesPage.default.increaseMileage(10);\n_FuelExpensesPage.default.typeLitersNumInput(10).typeTotalCostInput(100).clickFuelExpensesSubmitBtn();\ncy.get('tbody > tr > :nth-child(2)').should('exist').contains('160');\ncy.contains('tr', '03.02.2026').find('td').should('contain', '100');",
              "err": {},
              "uuid": "e50281dc-2d36-4d95-bba8-7871ac7cbb2b",
              "parentUUID": "0aa1a799-ac36-4beb-bb98-8848bd415d82",
              "isHook": false,
              "skipped": false
            }
          ],
          "suites": [],
          "passes": [
            "e50281dc-2d36-4d95-bba8-7871ac7cbb2b"
          ],
          "failures": [],
          "pending": [],
          "skipped": [],
          "duration": 3298,
          "root": false,
          "rootEmpty": false,
          "_timeout": 2000
        }
      ],
      "passes": [],
      "failures": [],
      "pending": [],
      "skipped": [],
      "duration": 0,
      "root": true,
      "rootEmpty": true,
      "_timeout": 2000
    }
  ],
  "meta": {
    "mocha": {
      "version": "7.2.0"
    },
    "mochawesome": {
      "options": {
        "quiet": false,
        "reportFilename": "mochawesome",
        "saveHtml": false,
        "saveJson": true,
        "consoleReporter": "spec",
        "useInlineDiffs": false,
        "code": true
      },
      "version": "7.1.4"
    },
    "marge": {
      "options": {
        "reportDir": "cypress/results",
        "overwrite": false,
        "html": false,
        "json": true
      },
      "version": "6.3.2"
    }
  }
}