{
  "stats": {
    "suites": 3,
    "tests": 4,
    "passes": 2,
    "pending": 2,
    "failures": 0,
    "start": "2026-02-07T16:13:08.048Z",
    "end": "2026-02-07T16:13:22.252Z",
    "duration": 14204,
    "testsRegistered": 5,
    "passPercent": 66.66666666666666,
    "pendingPercent": 40,
    "other": 1,
    "hasOther": true,
    "skipped": 0,
    "hasSkipped": false
  },
  "results": [
    {
      "uuid": "a9f90dd9-edb2-41e9-b9fc-78f2d426a480",
      "title": "",
      "fullFile": "cypress\\e2e\\hw_22\\tests.cy.js",
      "file": "cypress\\e2e\\hw_22\\tests.cy.js",
      "beforeHooks": [],
      "afterHooks": [],
      "tests": [],
      "suites": [
        {
          "uuid": "afd3c07e-f125-42f0-a1ca-71ea36efefaf",
          "title": "Testing cars and expenses",
          "fullFile": "",
          "file": "",
          "beforeHooks": [],
          "afterHooks": [],
          "tests": [],
          "suites": [
            {
              "uuid": "82458192-200c-4f80-affe-59dd34c2a658",
              "title": "Adding a new car",
              "fullFile": "",
              "file": "",
              "beforeHooks": [],
              "afterHooks": [],
              "tests": [
                {
                  "title": "Add new car",
                  "fullTitle": "Testing cars and expenses Adding a new car Add new car",
                  "timedOut": null,
                  "duration": 4815,
                  "state": "passed",
                  "speed": "fast",
                  "pass": true,
                  "fail": false,
                  "pending": false,
                  "context": null,
                  "code": "cy.intercept('POST', '/api/cars').as('createCar'); //https://qauto.forstudy.space/api/cars\n_GaragePage.default.clickAddCarButtom();\n_GaragePage.default.selectBrandInput('BMW') //Audi, BMW, Ford, Porsche, Fiat\n.selectModelInput('Z3') //Audi: TT, R8, Q7, A6, A8\n.typeMileageInput(150).clickAddCarFinishButtom();\ncy.wait('@createCar').then(interception => {\n  //cy.wait(1000);\n  cy.log('Query data:', interception.request.body);\n  cy.log('Server response:', interception.response.body);\n  expect(interception.response.statusCode).to.eq(201);\n  expect(interception.response.body).to.have.property('data');\n  const carId = interception.response.body.data.id;\n  cy.writeFile('cypress/fixtures/carId.json', {\n    'id': carId\n  });\n});\ncy.get(':nth-child(1) > app-car > .car > .car-heading > .car_base > .car-group > .car_name').contains('BMW Z3');",
                  "err": {},
                  "uuid": "40c5d62a-be65-4707-8fca-0043d3987fdf",
                  "parentUUID": "82458192-200c-4f80-affe-59dd34c2a658",
                  "isHook": false,
                  "skipped": false
                },
                {
                  "title": "Checking created car exists in the car list through api",
                  "fullTitle": "Testing cars and expenses Adding a new car Checking created car exists in the car list through api",
                  "timedOut": null,
                  "duration": 2124,
                  "state": "passed",
                  "speed": "fast",
                  "pass": true,
                  "fail": false,
                  "pending": false,
                  "context": null,
                  "code": "cy.fixture('carId.json').then(carData => {\n  const id = carData.id; //479935\n  cy.request('GET', 'https://qauto.forstudy.space/api/cars').then(response => {\n    const myCar = response.body.data.find(car => car.id === id);\n    expect(myCar).to.exist;\n    expect(myCar.brand).to.eq('BMW');\n    expect(myCar.model).to.eq('Z3');\n    expect(myCar.initialMileage).to.eq(150);\n  });\n});",
                  "err": {},
                  "uuid": "73335534-273b-44df-be6e-e89cae9ba6d8",
                  "parentUUID": "82458192-200c-4f80-affe-59dd34c2a658",
                  "isHook": false,
                  "skipped": false
                }
              ],
              "suites": [],
              "passes": [
                "40c5d62a-be65-4707-8fca-0043d3987fdf",
                "73335534-273b-44df-be6e-e89cae9ba6d8"
              ],
              "failures": [],
              "pending": [],
              "skipped": [],
              "duration": 6939,
              "root": false,
              "rootEmpty": false,
              "_timeout": 2000
            },
            {
              "uuid": "0600b6ac-09ac-4909-b4b8-f563263e61b5",
              "title": "Adding fuel expenses",
              "fullFile": "",
              "file": "",
              "beforeHooks": [],
              "afterHooks": [],
              "tests": [
                {
                  "title": "Adding fuel expenses on Fuel Expenses page",
                  "fullTitle": "Testing cars and expenses Adding fuel expenses Adding fuel expenses on Fuel Expenses page",
                  "timedOut": null,
                  "duration": 7136,
                  "state": "failed",
                  "speed": null,
                  "pass": false,
                  "fail": true,
                  "pending": false,
                  "context": null,
                  "code": "_FuelExpensesPage.default.clickFuelExpensesSidebarBtn();\n_FuelExpensesPage.default.selectFuelExpensesDropdown('BMW Z3') //Audi TT, BMW Z3\n.clickAddFuelExpensesBtn();\n_FuelExpensesPage.default.increaseMileage(10);\n_FuelExpensesPage.default.typeLitersNumInput(10).typeTotalCostInput(100).clickFuelExpensesSubmitBtn();\ncy.get('tbody > tr > :nth-child(2)').should('exist').contains('160');\ncy.contains('tr', '03.02.2026').find('td').should('contain', '100');",
                  "err": {
                    "message": "AssertionError: Timed out retrying after 4000ms: Expected to find content: '03.02.2026' within the selector: 'tr' but never did.",
                    "estack": "AssertionError: Timed out retrying after 4000ms: Expected to find content: '03.02.2026' within the selector: 'tr' but never did.\n    at Context.eval (webpack://aqa_cypress/./cypress/e2e/hw_22/tests.cy.js:99:15)",
                    "diff": null
                  },
                  "uuid": "2b4ab7d7-07ad-40ec-837d-a1d091842c3a",
                  "parentUUID": "0600b6ac-09ac-4909-b4b8-f563263e61b5",
                  "isHook": false,
                  "skipped": false
                },
                {
                  "title": "Adding expenses through api",
                  "fullTitle": "Testing cars and expenses Adding fuel expenses Adding expenses through api",
                  "timedOut": null,
                  "duration": 0,
                  "state": "pending",
                  "speed": null,
                  "pass": false,
                  "fail": false,
                  "pending": true,
                  "context": null,
                  "code": "cy.fixture('carId.json').then(carData => {\n  const id = carData.id; //479935\n  cy.addExpense(expense_data).then(response => {\n    expect(response.status).to.eq(200);\n    expect(response.body.status).to.eq('ok');\n    expect(response.body.data).to.have.property('id'); //418814  \n    expect(response.body.data).to.have.property('carId');\n    expect(response.body.data.carId).to.eq(479935);\n    expect(response.body.data).to.have.property('reportedAt');\n    expect(response.body.data.reportedAt).to.eq(\"2026-02-07\");\n    expect(response.body.data).to.have.property('mileage');\n    expect(response.body.data.mileage).to.eq(160);\n    expect(response.body.data).to.have.property('liters');\n    expect(response.body.data.liters).to.eq(11);\n    expect(response.body.data).to.have.property('totalCost');\n    expect(response.body.data.totalCost).to.eq(11);\n  });\n});",
                  "err": {},
                  "uuid": "138a96b9-21a9-4ea1-9a85-2224ce37ce6b",
                  "parentUUID": "0600b6ac-09ac-4909-b4b8-f563263e61b5",
                  "isHook": false,
                  "skipped": false
                },
                {
                  "title": "Checking existing expense on Fuel Expenses page",
                  "fullTitle": "Testing cars and expenses Adding fuel expenses Checking existing expense on Fuel Expenses page",
                  "timedOut": null,
                  "duration": 0,
                  "state": "pending",
                  "speed": null,
                  "pass": false,
                  "fail": false,
                  "pending": true,
                  "context": null,
                  "code": "cy.fixture('carId.json').then(carData => {\n  const id = carData.id; //479935\n  cy.request('GET', 'https://qauto.forstudy.space/api/cars').then(response => {\n    const myCar = response.body.data.find(car => car.id === id);\n    expect(myCar).to.exist;\n    expect(myCar.brand).to.eq('BMW');\n    expect(myCar.model).to.eq('Z3');\n    expect(myCar.initialMileage).to.eq(150);\n    const brand = myCar.brand;\n    const model = myCar.model;\n    cy.log(brand);\n    cy.log(model);\n    _FuelExpensesPage.default.clickFuelExpensesSidebarBtn();\n    _FuelExpensesPage.default.selectFuelExpensesDropdown(`${brand} ${model}`); //'BMW Z3'\n    cy.get('tr').filter(':contains(\"07.02.2026\")').filter(':contains(\"160\")').filter(':contains(\"11L\")').filter(':contains(\"11.00 USD\")').should('exist');\n  });\n});",
                  "err": {},
                  "uuid": "89a5bcd1-90f3-4b60-8352-063b12b2bfb1",
                  "parentUUID": "0600b6ac-09ac-4909-b4b8-f563263e61b5",
                  "isHook": false,
                  "skipped": false
                }
              ],
              "suites": [],
              "passes": [],
              "failures": [
                "2b4ab7d7-07ad-40ec-837d-a1d091842c3a"
              ],
              "pending": [
                "138a96b9-21a9-4ea1-9a85-2224ce37ce6b",
                "89a5bcd1-90f3-4b60-8352-063b12b2bfb1"
              ],
              "skipped": [],
              "duration": 7136,
              "root": false,
              "rootEmpty": false,
              "_timeout": 2000
            }
          ],
          "passes": [],
          "failures": [],
          "pending": [],
          "skipped": [],
          "duration": 0,
          "root": false,
          "rootEmpty": false,
          "_timeout": 2000
        }
      ],
      "passes": [],
      "failures": [],
      "pending": [],
      "skipped": [],
      "duration": 0,
      "root": true,
      "rootEmpty": true,
      "_timeout": 2000
    }
  ],
  "meta": {
    "mocha": {
      "version": "7.2.0"
    },
    "mochawesome": {
      "options": {
        "quiet": false,
        "reportFilename": "mochawesome",
        "saveHtml": false,
        "saveJson": true,
        "consoleReporter": "spec",
        "useInlineDiffs": false,
        "code": true
      },
      "version": "7.1.4"
    },
    "marge": {
      "options": {
        "reportDir": "cypress/results",
        "overwrite": false,
        "html": false,
        "json": true
      },
      "version": "6.3.2"
    }
  }
}